##################################################
[CLASE IRIS SETOSA]
##################################################


[VECTOR M]
[5.006 3.418 1.464 0.244]


[MATRIZ C]
[[0.121764 0.098292 0.015816 0.010336]
 [0.098292 0.142276 0.011448 0.011208]
 [0.015816 0.011448 0.029504 0.005584]
 [0.010336 0.011208 0.005584 0.011264]]


##################################################
[CLASE IRIS VERSICOLOR]
##################################################


[VECTOR M]
[5.936 2.77  4.26  1.326]


[MATRIZ C]
[[0.261104 0.08348  0.17924  0.054664]
 [0.08348  0.0965   0.081    0.04038 ]
 [0.17924  0.081    0.2164   0.07164 ]
 [0.054664 0.04038  0.07164  0.038324]]


