##################################################
[ ITERACION: 1 ]
##################################################
[ VECTOR-Iris Setosa ]
[[5.46011479 3.0847885  2.87009551 0.791232  ]]
[ VECTOR-Iris Versicolor ]
[[5.45350465 3.09829738 2.82393794 0.77398498]]
[ MATRIZ U ]
[[0.48447358 0.48559733 0.4867502  0.48649913 0.48505298 0.48328893
  0.48654531 0.48384911 0.48867771 0.48499857 0.48401534 0.48428453
  0.4863897  0.48984425 0.4879782  0.48863531 0.48603406 0.48417164
  0.48359692 0.48460594 0.4807498  0.48386525 0.48863518 0.47989968
  0.48234494 0.48357391 0.48221653 0.48336252 0.48406515 0.48506349
  0.48451327 0.48220374 0.4867318  0.48751158 0.48499857 0.48616716
  0.48506456 0.48499857 0.48870002 0.48343533 0.48530026 0.49096133
  0.48836013 0.4823763  0.48140004 0.48586676 0.48424627 0.48679685
  0.48401964 0.48461056 0.50844903 0.51126044 0.50855426 0.51642325
  0.51093355 0.51443107 0.51054039 0.51455722 0.51067061 0.5183766
  0.51216768 0.51548403 0.51471357 0.51207479 0.52644908 0.51042056
  0.51386423 0.51830142 0.51149406 0.51993381 0.51079031 0.51677441
  0.51042129 0.51228574 0.51282767 0.51108865 0.50933506 0.50886389
  0.51324919 0.52718298 0.51983282 0.52100528 0.52037634 0.51025092
  0.51373491 0.51184525 0.50964659 0.51205586 0.51846106 0.51806062
  0.51515952 0.51251655 0.51859969 0.51485358 0.51707411 0.51748543
  0.51721583 0.51406244 0.5150886  0.51823591]
 [0.51552642 0.51440267 0.5132498  0.51350087 0.51494702 0.51671107
  0.51345469 0.51615089 0.51132229 0.51500143 0.51598466 0.51571547
  0.5136103  0.51015575 0.5120218  0.51136469 0.51396594 0.51582836
  0.51640308 0.51539406 0.5192502  0.51613475 0.51136482 0.52010032
  0.51765506 0.51642609 0.51778347 0.51663748 0.51593485 0.51493651
  0.51548673 0.51779626 0.5132682  0.51248842 0.51500143 0.51383284
  0.51493544 0.51500143 0.51129998 0.51656467 0.51469974 0.50903867
  0.51163987 0.5176237  0.51859996 0.51413324 0.51575373 0.51320315
  0.51598036 0.51538944 0.49155097 0.48873956 0.49144574 0.48357675
  0.48906645 0.48556893 0.48945961 0.48544278 0.48932939 0.4816234
  0.48783232 0.48451597 0.48528643 0.48792521 0.47355092 0.48957944
  0.48613577 0.48169858 0.48850594 0.48006619 0.48920969 0.48322559
  0.48957871 0.48771426 0.48717233 0.48891135 0.49066494 0.49113611
  0.48675081 0.47281702 0.48016718 0.47899472 0.47962366 0.48974908
  0.48626509 0.48815475 0.49035341 0.48794414 0.48153894 0.48193938
  0.48484048 0.48748345 0.48140031 0.48514642 0.48292589 0.48251457
  0.48278417 0.48593756 0.4849114  0.48176409]]
##################################################
[ ITERACION: 2 ]
##################################################
[ VECTOR-Iris Setosa ]
[[5.49495446 3.07374429 2.94078125 0.81562501]]
[ VECTOR-Iris Versicolor ]
[[5.44696672 3.11419691 2.78319811 0.75437173]]
[ MATRIZ U ]
[[0.44616152 0.44866146 0.45240249 0.45065771 0.44785463 0.44385223
  0.4513968  0.44338374 0.45782477 0.44654156 0.44600169 0.44384805
  0.4510799  0.46251379 0.46058658 0.46285355 0.45297636 0.44515601
  0.4462844  0.44684568 0.43477109 0.4442572  0.45948706 0.43001415
  0.43624934 0.44168669 0.43765091 0.44273168 0.44508138 0.44585502
  0.44418696 0.43981357 0.45460872 0.45830097 0.44654156 0.45148506
  0.44975966 0.44654156 0.45823975 0.44241221 0.44871438 0.4658946
  0.45724072 0.43836051 0.43551948 0.44920584 0.44551047 0.45206528
  0.44558159 0.44601188 0.53241793 0.54197078 0.53226229 0.55555149
  0.54043968 0.55048783 0.5388054  0.53931788 0.53988515 0.56032008
  0.53600097 0.55575027 0.5523065  0.54351441 0.59279137 0.53973931
  0.54831484 0.56484338 0.5411491  0.56854895 0.53846726 0.56168022
  0.53752558 0.54419202 0.54790002 0.5418815  0.53492391 0.5328542
  0.54760773 0.59545228 0.5668781  0.5704941  0.57254315 0.53629074
  0.54699732 0.54304832 0.53625693 0.54370143 0.56459941 0.56146968
  0.55180822 0.54532785 0.56579961 0.54174719 0.55916432 0.56177918
  0.56064669 0.55170905 0.53831697 0.56414659]
 [0.55383848 0.55133854 0.54759751 0.54934229 0.55214537 0.55614777
  0.5486032  0.55661626 0.54217523 0.55345844 0.55399831 0.55615195
  0.5489201  0.53748621 0.53941342 0.53714645 0.54702364 0.55484399
  0.5537156  0.55315432 0.56522891 0.5557428  0.54051294 0.56998585
  0.56375066 0.55831331 0.56234909 0.55726832 0.55491862 0.55414498
  0.55581304 0.56018643 0.54539128 0.54169903 0.55345844 0.54851494
  0.55024034 0.55345844 0.54176025 0.55758779 0.55128562 0.5341054
  0.54275928 0.56163949 0.56448052 0.55079416 0.55448953 0.54793472
  0.55441841 0.55398812 0.46758207 0.45802922 0.46773771 0.44444851
  0.45956032 0.44951217 0.4611946  0.46068212 0.46011485 0.43967992
  0.46399903 0.44424973 0.4476935  0.45648559 0.40720863 0.46026069
  0.45168516 0.43515662 0.4588509  0.43145105 0.46153274 0.43831978
  0.46247442 0.45580798 0.45209998 0.4581185  0.46507609 0.4671458
  0.45239227 0.40454772 0.4331219  0.4295059  0.42745685 0.46370926
  0.45300268 0.45695168 0.46374307 0.45629857 0.43540059 0.43853032
  0.44819178 0.45467215 0.43420039 0.45825281 0.44083568 0.43822082
  0.43935331 0.44829095 0.46168303 0.43585341]]
##################################################
[ ITERACION: 3 ]
##################################################
[ VECTOR-Iris Setosa ]
[[5.55758932 3.02581197 3.13727034 0.89184233]]
[ VECTOR-Iris Versicolor ]
[[5.38378581 3.16153006 2.58692579 0.67823541]]
[ MATRIZ U ]
[[0.31796099 0.32563655 0.33753235 0.33195116 0.32334309 0.31281502
  0.33437149 0.30898203 0.35525075 0.3188828  0.31847381 0.31038409
  0.33335247 0.37068182 0.36629611 0.37450477 0.34090557 0.31478985
  0.32133529 0.32069014 0.28359509 0.31237985 0.36088858 0.26829994
  0.2873727  0.30380949 0.29121177 0.30735864 0.31462112 0.31665868
  0.31141948 0.2988516  0.34620738 0.35874739 0.3188828  0.33474824
  0.33024521 0.3188828  0.35656678 0.30606223 0.32598347 0.38217969
  0.3532968  0.2938852  0.28667342 0.32733466 0.31656022 0.33644556
  0.31687426 0.31721977 0.61233747 0.64409649 0.61179283 0.68537652
  0.63900606 0.67123591 0.63359878 0.62318283 0.63719771 0.69881251
  0.6176623  0.68823015 0.67574286 0.64904807 0.79322072 0.63672211
  0.66411971 0.71579523 0.64081469 0.72540344 0.63222118 0.70673435
  0.62913984 0.65119324 0.66337995 0.64378563 0.62066314 0.61373175
  0.66234545 0.79682744 0.71878379 0.72799549 0.73896996 0.62495355
  0.65944589 0.64736407 0.62519123 0.64926408 0.71495901 0.70419021
  0.6747732  0.65501242 0.71869486 0.63158062 0.6982267  0.70668622
  0.70325883 0.67564636 0.6126142  0.71392766]
 [0.68203901 0.67436345 0.66246765 0.66804884 0.67665691 0.68718498
  0.66562851 0.69101797 0.64474925 0.6811172  0.68152619 0.68961591
  0.66664753 0.62931818 0.63370389 0.62549523 0.65909443 0.68521015
  0.67866471 0.67930986 0.71640491 0.68762015 0.63911142 0.73170006
  0.7126273  0.69619051 0.70878823 0.69264136 0.68537888 0.68334132
  0.68858052 0.7011484  0.65379262 0.64125261 0.6811172  0.66525176
  0.66975479 0.6811172  0.64343322 0.69393777 0.67401653 0.61782031
  0.6467032  0.7061148  0.71332658 0.67266534 0.68343978 0.66355444
  0.68312574 0.68278023 0.38766253 0.35590351 0.38820717 0.31462348
  0.36099394 0.32876409 0.36640122 0.37681717 0.36280229 0.30118749
  0.3823377  0.31176985 0.32425714 0.35095193 0.20677928 0.36327789
  0.33588029 0.28420477 0.35918531 0.27459656 0.36777882 0.29326565
  0.37086016 0.34880676 0.33662005 0.35621437 0.37933686 0.38626825
  0.33765455 0.20317256 0.28121621 0.27200451 0.26103004 0.37504645
  0.34055411 0.35263593 0.37480877 0.35073592 0.28504099 0.29580979
  0.3252268  0.34498758 0.28130514 0.36841938 0.3017733  0.29331378
  0.29674117 0.32435364 0.3873858  0.28607234]]
##################################################
[ ITERACION: 4 ]
##################################################
[ VECTOR-Iris Setosa ]
[[5.73496548 2.88768777 3.69991958 1.10983947]]
[ VECTOR-Iris Versicolor ]
[[5.20232072 3.29425495 2.02850463 0.46166665]]
[ MATRIZ U ]
[[0.06965727 0.08588805 0.09985461 0.09656896 0.07702032 0.08406969
  0.09589996 0.05820998 0.13780754 0.07551588 0.0788861  0.0625262
  0.09714243 0.1612368  0.16216903 0.18683213 0.11275951 0.06584962
  0.10405729 0.07828642 0.04174846 0.06674929 0.13766827 0.02367137
  0.0472389  0.06152572 0.04021935 0.05806532 0.06647396 0.07418149
  0.06834987 0.05508974 0.12212008 0.14809889 0.07551588 0.09445111
  0.09423873 0.07551588 0.13689655 0.05511915 0.08030937 0.19745538
  0.12879986 0.04871928 0.05442144 0.0892583  0.07413977 0.10015989
  0.07415785 0.06880108 0.8018386  0.86627425 0.80346852 0.91494455
  0.8608115  0.91422401 0.84783699 0.71648644 0.85527445 0.91399813
  0.75137543 0.93506325 0.90304777 0.88056977 0.9818301  0.84997223
  0.90027268 0.96154981 0.86358851 0.95748503 0.84623165 0.95477317
  0.8440413  0.88369738 0.89884509 0.86485453 0.82338682 0.80973847
  0.90241396 0.95904012 0.93600324 0.9286639  0.98191821 0.83558588
  0.88854769 0.86906231 0.83137988 0.87736627 0.95845808 0.94119245
  0.91374466 0.88964162 0.96606299 0.73518386 0.94581675 0.95362994
  0.95291884 0.91966046 0.65630768 0.96395416]
 [0.93034273 0.91411195 0.90014539 0.90343104 0.92297968 0.91593031
  0.90410004 0.94179002 0.86219246 0.92448412 0.9211139  0.9374738
  0.90285757 0.8387632  0.83783097 0.81316787 0.88724049 0.93415038
  0.89594271 0.92171358 0.95825154 0.93325071 0.86233173 0.97632863
  0.9527611  0.93847428 0.95978065 0.94193468 0.93352604 0.92581851
  0.93165013 0.94491026 0.87787992 0.85190111 0.92448412 0.90554889
  0.90576127 0.92448412 0.86310345 0.94488085 0.91969063 0.80254462
  0.87120014 0.95128072 0.94557856 0.9107417  0.92586023 0.89984011
  0.92584215 0.93119892 0.1981614  0.13372575 0.19653148 0.08505545
  0.1391885  0.08577599 0.15216301 0.28351356 0.14472555 0.08600187
  0.24862457 0.06493675 0.09695223 0.11943023 0.0181699  0.15002777
  0.09972732 0.03845019 0.13641149 0.04251497 0.15376835 0.04522683
  0.1559587  0.11630262 0.10115491 0.13514547 0.17661318 0.19026153
  0.09758604 0.04095988 0.06399676 0.0713361  0.01808179 0.16441412
  0.11145231 0.13093769 0.16862012 0.12263373 0.04154192 0.05880755
  0.08625534 0.11035838 0.03393701 0.26481614 0.05418325 0.04637006
  0.04708116 0.08033954 0.34369232 0.03604584]]
##################################################
[ ITERACION: 5 ]
##################################################
[ VECTOR-Iris Setosa ]
[[5.91708756 2.7807007  4.22349063 1.30956835]]
[ VECTOR-Iris Versicolor ]
[[5.02787784 3.40179123 1.52937721 0.26851044]]
[ MATRIZ U ]
[[3.48012447e-03 1.90005406e-02 1.76564296e-02 2.59838311e-02
  5.70620877e-03 4.73392261e-02 1.77547088e-02 6.41440069e-04
  5.47702757e-02 1.34622147e-02 2.33100072e-02 6.28261123e-03
  2.35220588e-02 6.11378022e-02 8.24721020e-02 1.18439951e-01
  4.02249841e-02 3.19099348e-03 7.02698572e-02 1.60664182e-02
  2.04555846e-02 1.13764477e-02 3.49012335e-02 1.21929465e-02
  2.29429847e-02 1.87353516e-02 2.57405132e-03 4.60954309e-03
  5.02966337e-03 1.59036160e-02 1.58778760e-02 1.73029364e-02
  4.67727194e-02 7.18212977e-02 1.34622147e-02 1.33989521e-02
  2.69400483e-02 1.34622147e-02 4.81120399e-02 1.10823847e-03
  5.82678833e-03 1.15808061e-01 3.86158385e-02 1.41258270e-02
  3.85922381e-02 2.19705072e-02 1.73558936e-02 2.15891540e-02
  1.67814255e-02 3.14798874e-03 9.05991328e-01 9.59195685e-01
  9.13393532e-01 9.49770248e-01 9.62967812e-01 9.88542167e-01
  9.48688367e-01 6.87883702e-01 9.55020261e-01 9.21354736e-01
  7.55168644e-01 9.91176475e-01 9.48533753e-01 9.78265182e-01
  9.21729075e-01 9.42696064e-01 9.76435701e-01 9.84299656e-01
  9.61285538e-01 9.57851423e-01 9.48673785e-01 9.90429640e-01
  9.55121029e-01 9.78520623e-01 9.77230676e-01 9.56419977e-01
  9.32504201e-01 9.23303677e-01 9.88534046e-01 8.87469447e-01
  9.28810880e-01 9.03829060e-01 9.82254370e-01 9.48530895e-01
  9.61316930e-01 9.54421398e-01 9.36621485e-01 9.67403605e-01
  9.80302471e-01 9.64405878e-01 9.75568947e-01 9.81105256e-01
  9.86979753e-01 7.07373302e-01 9.88195566e-01 9.87641560e-01
  9.93081402e-01 9.90424703e-01 6.16217003e-01 9.92649160e-01]
 [9.96519876e-01 9.80999459e-01 9.82343570e-01 9.74016169e-01
  9.94293791e-01 9.52660774e-01 9.82245291e-01 9.99358560e-01
  9.45229724e-01 9.86537785e-01 9.76689993e-01 9.93717389e-01
  9.76477941e-01 9.38862198e-01 9.17527898e-01 8.81560049e-01
  9.59775016e-01 9.96809007e-01 9.29730143e-01 9.83933582e-01
  9.79544415e-01 9.88623552e-01 9.65098767e-01 9.87807054e-01
  9.77057015e-01 9.81264648e-01 9.97425949e-01 9.95390457e-01
  9.94970337e-01 9.84096384e-01 9.84122124e-01 9.82697064e-01
  9.53227281e-01 9.28178702e-01 9.86537785e-01 9.86601048e-01
  9.73059952e-01 9.86537785e-01 9.51887960e-01 9.98891762e-01
  9.94173212e-01 8.84191939e-01 9.61384161e-01 9.85874173e-01
  9.61407762e-01 9.78029493e-01 9.82644106e-01 9.78410846e-01
  9.83218574e-01 9.96852011e-01 9.40086722e-02 4.08043146e-02
  8.66064679e-02 5.02297522e-02 3.70321881e-02 1.14578332e-02
  5.13116326e-02 3.12116298e-01 4.49797394e-02 7.86452636e-02
  2.44831356e-01 8.82352535e-03 5.14662467e-02 2.17348181e-02
  7.82709253e-02 5.73039361e-02 2.35642994e-02 1.57003443e-02
  3.87144622e-02 4.21485769e-02 5.13262154e-02 9.57035961e-03
  4.48789710e-02 2.14793767e-02 2.27693243e-02 4.35800230e-02
  6.74957989e-02 7.66963234e-02 1.14659539e-02 1.12530553e-01
  7.11891204e-02 9.61709400e-02 1.77456305e-02 5.14691045e-02
  3.86830699e-02 4.55786016e-02 6.33785146e-02 3.25963953e-02
  1.96975287e-02 3.55941218e-02 2.44310526e-02 1.88947437e-02
  1.30202465e-02 2.92626698e-01 1.18044335e-02 1.23584405e-02
  6.91859837e-03 9.57529733e-03 3.83782997e-01 7.35083951e-03]]
##################################################
[ ITERACION: 6 ]
##################################################
[ VECTOR-Iris Setosa ]
[[5.9660395  2.78920307 4.29613448 1.33568612]]
[ VECTOR-Iris Versicolor ]
[[5.00601661 3.40454597 1.48639903 0.25248982]]
[ MATRIZ U ]
[[2.56955010e-03 1.67627213e-02 1.41660934e-02 2.29926674e-02
  4.28212067e-03 4.85674554e-02 1.47037736e-02 2.87693444e-04
  4.94781604e-02 1.19025677e-02 2.33688565e-02 5.61595829e-03
  2.04941310e-02 5.42102117e-02 7.95996729e-02 1.16267966e-01
  3.85375146e-02 2.57525240e-03 7.15133623e-02 1.54803932e-02
  2.28104417e-02 1.13621659e-02 2.92584058e-02 1.47681065e-02
  2.40844611e-02 1.84597580e-02 3.66039272e-03 4.84700211e-03
  4.48007293e-03 1.44199771e-02 1.48387943e-02 1.85254969e-02
  4.46677504e-02 6.94482652e-02 1.19025677e-02 1.04634741e-02
  2.57659204e-02 1.19025677e-02 4.26354787e-02 1.15138758e-03
  4.00114086e-03 1.08455433e-01 3.34918586e-02 1.52067088e-02
  4.09342856e-02 1.94782893e-02 1.72074875e-02 1.81831349e-02
  1.67323340e-02 1.94497366e-03 9.17672644e-01 9.67381056e-01
  9.25448000e-01 9.42123911e-01 9.71615179e-01 9.89790897e-01
  9.58055786e-01 6.70453732e-01 9.63973591e-01 9.10362445e-01
  7.40954245e-01 9.91468796e-01 9.44377374e-01 9.85145012e-01
  9.07094705e-01 9.51542859e-01 9.78337948e-01 9.78550287e-01
  9.66359955e-01 9.47194429e-01 9.56752775e-01 9.88218626e-01
  9.63973029e-01 9.84632156e-01 9.82311282e-01 9.64440228e-01
  9.43352042e-01 9.35174112e-01 9.93146201e-01 8.70652943e-01
  9.16146455e-01 8.89154812e-01 9.73841684e-01 9.57551205e-01
  9.61950573e-01 9.60743718e-01 9.47330322e-01 9.71744003e-01
  9.74816238e-01 9.56041639e-01 9.73278404e-01 9.87322929e-01
  9.80437437e-01 6.89943321e-01 9.83888363e-01 9.84213020e-01
  9.89928772e-01 9.93653472e-01 5.98909349e-01 9.87549301e-01]
 [9.97430450e-01 9.83237279e-01 9.85833907e-01 9.77007333e-01
  9.95717879e-01 9.51432545e-01 9.85296226e-01 9.99712307e-01
  9.50521840e-01 9.88097432e-01 9.76631143e-01 9.94384042e-01
  9.79505869e-01 9.45789788e-01 9.20400327e-01 8.83732034e-01
  9.61462485e-01 9.97424748e-01 9.28486638e-01 9.84519607e-01
  9.77189558e-01 9.88637834e-01 9.70741594e-01 9.85231893e-01
  9.75915539e-01 9.81540242e-01 9.96339607e-01 9.95152998e-01
  9.95519927e-01 9.85580023e-01 9.85161206e-01 9.81474503e-01
  9.55332250e-01 9.30551735e-01 9.88097432e-01 9.89536526e-01
  9.74234080e-01 9.88097432e-01 9.57364521e-01 9.98848612e-01
  9.95998859e-01 8.91544567e-01 9.66508141e-01 9.84793291e-01
  9.59065714e-01 9.80521711e-01 9.82792512e-01 9.81816865e-01
  9.83267666e-01 9.98055026e-01 8.23273562e-02 3.26189445e-02
  7.45519996e-02 5.78760892e-02 2.83848206e-02 1.02091029e-02
  4.19442142e-02 3.29546268e-01 3.60264087e-02 8.96375546e-02
  2.59045755e-01 8.53120414e-03 5.56226255e-02 1.48549879e-02
  9.29052954e-02 4.84571411e-02 2.16620516e-02 2.14497134e-02
  3.36400452e-02 5.28055706e-02 4.32472250e-02 1.17813739e-02
  3.60269714e-02 1.53678439e-02 1.76887178e-02 3.55597721e-02
  5.66479580e-02 6.48258880e-02 6.85379929e-03 1.29347057e-01
  8.38535453e-02 1.10845188e-01 2.61583157e-02 4.24487945e-02
  3.80494270e-02 3.92562825e-02 5.26696778e-02 2.82559970e-02
  2.51837617e-02 4.39583605e-02 2.67215955e-02 1.26770708e-02
  1.95625629e-02 3.10056679e-01 1.61116371e-02 1.57869796e-02
  1.00712278e-02 6.34652750e-03 4.01090651e-01 1.24506992e-02]]
##################################################
[ ITERACION: 7 ]
##################################################
[ VECTOR-Iris Setosa ]
[[5.97413765 2.79255095 4.30430075 1.33858163]]
[ VECTOR-Iris Versicolor ]
[[5.00469853 3.40277777 1.48695118 0.25283424]]
[ MATRIZ U ]
[[2.62013374e-03 1.65180830e-02 1.39784692e-02 2.26648440e-02
  4.32900452e-03 4.85597384e-02 1.45317633e-02 2.85412339e-04
  4.89352643e-02 1.17115801e-02 2.34412348e-02 5.51919683e-03
  2.02181019e-02 5.37439313e-02 7.96044412e-02 1.16223407e-01
  3.85896262e-02 2.62060404e-03 7.14569751e-02 1.55414005e-02
  2.27628668e-02 1.14095810e-02 2.91224076e-02 1.46092031e-02
  2.38176509e-02 1.81834524e-02 3.61046285e-03 4.90326194e-03
  4.51263669e-03 1.41755058e-02 1.45767273e-02 1.85100125e-02
  4.47004463e-02 6.94744866e-02 1.17115801e-02 1.03721370e-02
  2.57952310e-02 1.17115801e-02 4.21837741e-02 1.16943954e-03
  4.02132490e-03 1.07498977e-01 3.31469228e-02 1.51072967e-02
  4.08117055e-02 1.91867753e-02 1.72582811e-02 1.79363676e-02
  1.68133553e-02 1.91056224e-03 9.19090638e-01 9.68410292e-01
  9.26860644e-01 9.40486953e-01 9.72598699e-01 9.89674440e-01
  9.59168421e-01 6.66651895e-01 9.65038332e-01 9.08229516e-01
  7.37736261e-01 9.91423651e-01 9.43361460e-01 9.85863069e-01
  9.04799667e-01 9.52668515e-01 9.78296978e-01 9.77576127e-01
  9.66621958e-01 9.45321904e-01 9.57546127e-01 9.87893832e-01
  9.64800737e-01 9.85227590e-01 9.82952173e-01 9.65448891e-01
  9.44582028e-01 9.36508725e-01 9.93594687e-01 8.67857360e-01
  9.13828124e-01 8.86494541e-01 9.72538820e-01 9.58350760e-01
  9.61628957e-01 9.61465110e-01 9.48620233e-01 9.71997045e-01
  9.73897535e-01 9.54433930e-01 9.72522422e-01 9.88011348e-01
  9.79327505e-01 6.86185229e-01 9.83001759e-01 9.83619645e-01
  9.89339347e-01 9.94043350e-01 5.94990472e-01 9.86677509e-01]
 [9.97379866e-01 9.83481917e-01 9.86021531e-01 9.77335156e-01
  9.95670995e-01 9.51440262e-01 9.85468237e-01 9.99714588e-01
  9.51064736e-01 9.88288420e-01 9.76558765e-01 9.94480803e-01
  9.79781898e-01 9.46256069e-01 9.20395559e-01 8.83776593e-01
  9.61410374e-01 9.97379396e-01 9.28543025e-01 9.84458599e-01
  9.77237133e-01 9.88590419e-01 9.70877592e-01 9.85390797e-01
  9.76182349e-01 9.81816548e-01 9.96389537e-01 9.95096738e-01
  9.95487363e-01 9.85824494e-01 9.85423273e-01 9.81489987e-01
  9.55299554e-01 9.30525513e-01 9.88288420e-01 9.89627863e-01
  9.74204769e-01 9.88288420e-01 9.57816226e-01 9.98830560e-01
  9.95978675e-01 8.92501023e-01 9.66853077e-01 9.84892703e-01
  9.59188294e-01 9.80813225e-01 9.82741719e-01 9.82063632e-01
  9.83186645e-01 9.98089438e-01 8.09093617e-02 3.15897078e-02
  7.31393561e-02 5.95130470e-02 2.74013012e-02 1.03255599e-02
  4.08315791e-02 3.33348105e-01 3.49616678e-02 9.17704838e-02
  2.62263739e-01 8.57634912e-03 5.66385397e-02 1.41369310e-02
  9.52003334e-02 4.73314854e-02 2.17030225e-02 2.24238731e-02
  3.33780424e-02 5.46780964e-02 4.24538732e-02 1.21061682e-02
  3.51992628e-02 1.47724103e-02 1.70478273e-02 3.45511094e-02
  5.54179716e-02 6.34912754e-02 6.40531329e-03 1.32142640e-01
  8.61718759e-02 1.13505459e-01 2.74611801e-02 4.16492403e-02
  3.83710431e-02 3.85348902e-02 5.13797671e-02 2.80029549e-02
  2.61024648e-02 4.55660697e-02 2.74775779e-02 1.19886518e-02
  2.06724948e-02 3.13814771e-01 1.69982410e-02 1.63803548e-02
  1.06606525e-02 5.95665028e-03 4.05009528e-01 1.33224912e-02]]
